Using pre-set license
Built from '2020.2/release' branch; Version is '2020.2.4f1 (becced5a802b) revision 12504301'; Using compiler version '192528614'; Build Type 'Release'
OS: 'Windows 10 Home China; OS build 19042.1165; Version 2009; 64bit' Language: 'zh' Physical Memory: 7117 MB
BatchMode: 1, IsHumanControllingUs: 0, StartBugReporterOnCrash: 0, Is64bit: 1, IsPro: 0

 COMMAND LINE ARGUMENTS:
C:\Program Files\Unity\Hub\Editor\2020.2.4f1\Editor\Unity.exe
-adb2
-batchMode
-noUpm
-name
AssetImportWorker0
-projectPath
C:/Users/Alex.Li/Desktop/Game development/Week 4/Lab 4/Lab Week 4 - Activity
-logFile
Logs/AssetImportWorker0.log
-srvPort
49720
Successfully changed project path to: C:/Users/Alex.Li/Desktop/Game development/Week 4/Lab 4/Lab Week 4 - Activity
C:/Users/Alex.Li/Desktop/Game development/Week 4/Lab 4/Lab Week 4 - Activity
Using Asset Import Pipeline V2.
Refreshing native plugins compatible for Editor in 46.72 ms, found 0 plugins.
Preloading 0 native plugins for Editor in 0.00 ms.
Initialize engine version: 2020.2.4f1 (becced5a802b)
[Subsystems] Discovering subsystems at path C:/Program Files/Unity/Hub/Editor/2020.2.4f1/Editor/Data/Resources/UnitySubsystems
[Subsystems] Discovering subsystems at path C:/Users/Alex.Li/Desktop/Game development/Week 4/Lab 4/Lab Week 4 - Activity/Assets
GfxDevice: creating device client; threaded=0
Direct3D:
    Version:  Direct3D 11.0 [level 11.1]
    Renderer: AMD Radeon(TM) Vega 8 Mobile Graphics (ID=0x15dd)
    Vendor:   
    VRAM:     3558 MB
    Driver:   27.20.1032.2
Initialize mono
Mono path[0] = 'C:/Program Files/Unity/Hub/Editor/2020.2.4f1/Editor/Data/Managed'
Mono path[1] = 'C:/Program Files/Unity/Hub/Editor/2020.2.4f1/Editor/Data/MonoBleedingEdge/lib/mono/unityjit'
Mono config path = 'C:/Program Files/Unity/Hub/Editor/2020.2.4f1/Editor/Data/MonoBleedingEdge/etc'
Using monoOptions --debugger-agent=transport=dt_socket,embedding=1,server=y,suspend=n,address=127.0.0.1:56908
Begin MonoManager ReloadAssembly
Registering precompiled unity dll's ...
Register platform support module: C:/Program Files/Unity/Hub/Editor/2020.2.4f1/Editor/Data/PlaybackEngines/WindowsStandaloneSupport/UnityEditor.WindowsStandalone.Extensions.dll
Registered in 0.015972 seconds.
Native extension for WindowsStandalone target not found
Refreshing native plugins compatible for Editor in 36.62 ms, found 0 plugins.
Preloading 0 native plugins for Editor in 0.00 ms.
Invoked RoslynAnalysisRunner static constructor.
RoslynAnalysisRunner will not be running.
RoslynAnalysisRunner has terminated.
Mono: successfully reloaded assembly
- Completed reload, in  3.931 seconds
Platform modules already initialized, skipping
Registering precompiled user dll's ...
Registered in 0.002919 seconds.
Begin MonoManager ReloadAssembly
Native extension for WindowsStandalone target not found
Refreshing native plugins compatible for Editor in 0.27 ms, found 0 plugins.
Preloading 0 native plugins for Editor in 0.00 ms.
Invoked RoslynAnalysisRunner static constructor.
RoslynAnalysisRunner will not be running.
RoslynAnalysisRunner has terminated.
Mono: successfully reloaded assembly
- Completed reload, in  1.849 seconds
Platform modules already initialized, skipping
========================================================================
Worker process is ready to serve import requests
Launched and connected shader compiler UnityShaderCompiler.exe after 0.13 seconds
Refreshing native plugins compatible for Editor in 0.33 ms, found 0 plugins.
Preloading 0 native plugins for Editor in 0.00 ms.
Unloading 1081 Unused Serialized files (Serialized files now loaded: 0)
System memory in use before: 58.7 MB.
System memory in use after: 58.8 MB.

Unloading 9 unused Assets to reduce memory usage. Loaded Objects now: 1523.
Total: 3.274800 ms (FindLiveObjects: 0.301900 ms CreateObjectMapping: 0.060800 ms MarkObjects: 2.814400 ms  DeleteObjects: 0.095800 ms)

========================================================================
Received Prepare
Registering precompiled user dll's ...
Registered in 0.003854 seconds.
Begin MonoManager ReloadAssembly
Native extension for WindowsStandalone target not found
Refreshing native plugins compatible for Editor in 0.34 ms, found 0 plugins.
Preloading 0 native plugins for Editor in 0.00 ms.
Invoked RoslynAnalysisRunner static constructor.
RoslynAnalysisRunner will not be running.
RoslynAnalysisRunner has terminated.
Mono: successfully reloaded assembly
- Completed reload, in  1.558 seconds
Platform modules already initialized, skipping
Refreshing native plugins compatible for Editor in 0.25 ms, found 0 plugins.
Preloading 0 native plugins for Editor in 0.00 ms.
Unloading 1075 Unused Serialized files (Serialized files now loaded: 0)
System memory in use before: 58.6 MB.
System memory in use after: 58.7 MB.

Unloading 4 unused Assets to reduce memory usage. Loaded Objects now: 1525.
Total: 2.880000 ms (FindLiveObjects: 0.238500 ms CreateObjectMapping: 0.052200 ms MarkObjects: 2.559900 ms  DeleteObjects: 0.026700 ms)

========================================================================
Received Import Request.
  path: Assets/NewBehaviourScript.cs
  artifactKey: Guid(85b443c70d8d9f14195f0e4589062ba2) Importer(815301076,1909f56bfc062723c751e8b465ee728b)
Start importing Assets/NewBehaviourScript.cs using Guid(85b443c70d8d9f14195f0e4589062ba2) Importer(815301076,1909f56bfc062723c751e8b465ee728b)  -> (artifact id: '47d537f0c2791ce5c63fbe85de726436') in 0.072136 seconds
  Import took 0.075108 seconds .

========================================================================
Received Import Request.
  Time since last request: 15.296740 seconds.
  path: Assets/ConsolPrint.cs
  artifactKey: Guid(85b443c70d8d9f14195f0e4589062ba2) Importer(815301076,1909f56bfc062723c751e8b465ee728b)
Start importing Assets/ConsolPrint.cs using Guid(85b443c70d8d9f14195f0e4589062ba2) Importer(815301076,1909f56bfc062723c751e8b465ee728b)  -> (artifact id: '0d8a24cff50a613e10a916db6fa0512e') in 0.020836 seconds
  Import took 0.025145 seconds .

========================================================================
Received Prepare
Registering precompiled user dll's ...
Registered in 0.003386 seconds.
Begin MonoManager ReloadAssembly
Native extension for WindowsStandalone target not found
Refreshing native plugins compatible for Editor in 0.32 ms, found 0 plugins.
Preloading 0 native plugins for Editor in 0.00 ms.
Invoked RoslynAnalysisRunner static constructor.
RoslynAnalysisRunner will not be running.
RoslynAnalysisRunner has terminated.
Mono: successfully reloaded assembly
- Completed reload, in  1.582 seconds
Platform modules already initialized, skipping
Refreshing native plugins compatible for Editor in 0.26 ms, found 0 plugins.
Preloading 0 native plugins for Editor in 0.00 ms.
Unloading 1075 Unused Serialized files (Serialized files now loaded: 0)
System memory in use before: 58.6 MB.
System memory in use after: 58.7 MB.

Unloading 4 unused Assets to reduce memory usage. Loaded Objects now: 1527.
Total: 2.564000 ms (FindLiveObjects: 0.195900 ms CreateObjectMapping: 0.057200 ms MarkObjects: 2.287400 ms  DeleteObjects: 0.021800 ms)

========================================================================
Received Import Request.
  Time since last request: 8.965127 seconds.
  path: Assets/ConsoelPrint.cs
  artifactKey: Guid(85b443c70d8d9f14195f0e4589062ba2) Importer(815301076,1909f56bfc062723c751e8b465ee728b)
Start importing Assets/ConsoelPrint.cs using Guid(85b443c70d8d9f14195f0e4589062ba2) Importer(815301076,1909f56bfc062723c751e8b465ee728b)  -> (artifact id: 'dc734f46c50564a1b9b5b075c847dc11') in 0.018240 seconds
  Import took 0.022175 seconds .

========================================================================
Received Prepare
Registering precompiled user dll's ...
Registered in 0.004696 seconds.
Begin MonoManager ReloadAssembly
Native extension for WindowsStandalone target not found
Refreshing native plugins compatible for Editor in 0.32 ms, found 0 plugins.
Preloading 0 native plugins for Editor in 0.00 ms.
Invoked RoslynAnalysisRunner static constructor.
RoslynAnalysisRunner will not be running.
RoslynAnalysisRunner has terminated.
Mono: successfully reloaded assembly
- Completed reload, in  1.537 seconds
Platform modules already initialized, skipping
Refreshing native plugins compatible for Editor in 0.31 ms, found 0 plugins.
Preloading 0 native plugins for Editor in 0.00 ms.
Unloading 1075 Unused Serialized files (Serialized files now loaded: 0)
System memory in use before: 58.6 MB.
System memory in use after: 58.7 MB.

Unloading 4 unused Assets to reduce memory usage. Loaded Objects now: 1529.
Total: 2.372200 ms (FindLiveObjects: 0.199800 ms CreateObjectMapping: 0.033100 ms MarkObjects: 2.113900 ms  DeleteObjects: 0.023600 ms)

========================================================================
Received Import Request.
  Time since last request: 12.562000 seconds.
  path: Assets/ConslPrint.cs
  artifactKey: Guid(85b443c70d8d9f14195f0e4589062ba2) Importer(815301076,1909f56bfc062723c751e8b465ee728b)
Start importing Assets/ConslPrint.cs using Guid(85b443c70d8d9f14195f0e4589062ba2) Importer(815301076,1909f56bfc062723c751e8b465ee728b)  -> (artifact id: '41f26d1d9232313b059a691338e3a100') in 0.022794 seconds
  Import took 0.026805 seconds .

========================================================================
Received Prepare
Registering precompiled user dll's ...
Registered in 0.003130 seconds.
Begin MonoManager ReloadAssembly
Native extension for WindowsStandalone target not found
Refreshing native plugins compatible for Editor in 0.25 ms, found 0 plugins.
Preloading 0 native plugins for Editor in 0.00 ms.
Invoked RoslynAnalysisRunner static constructor.
RoslynAnalysisRunner will not be running.
RoslynAnalysisRunner has terminated.
Mono: successfully reloaded assembly
- Completed reload, in  1.597 seconds
Platform modules already initialized, skipping
Refreshing native plugins compatible for Editor in 0.31 ms, found 0 plugins.
Preloading 0 native plugins for Editor in 0.00 ms.
Unloading 1075 Unused Serialized files (Serialized files now loaded: 0)
System memory in use before: 58.6 MB.
System memory in use after: 58.7 MB.

Unloading 4 unused Assets to reduce memory usage. Loaded Objects now: 1531.
Total: 2.803400 ms (FindLiveObjects: 0.247400 ms CreateObjectMapping: 0.049000 ms MarkObjects: 2.481400 ms  DeleteObjects: 0.023700 ms)

========================================================================
Received Import Request.
  Time since last request: 11.867751 seconds.
  path: Assets/ConsolePrint.cs
  artifactKey: Guid(85b443c70d8d9f14195f0e4589062ba2) Importer(815301076,1909f56bfc062723c751e8b465ee728b)
Start importing Assets/ConsolePrint.cs using Guid(85b443c70d8d9f14195f0e4589062ba2) Importer(815301076,1909f56bfc062723c751e8b465ee728b)  -> (artifact id: 'edecbffaf5ee9626cc87c5087c80f414') in 0.026105 seconds
  Import took 0.029679 seconds .

========================================================================
Received Prepare
Registering precompiled user dll's ...
Registered in 0.002833 seconds.
Begin MonoManager ReloadAssembly
Native extension for WindowsStandalone target not found
Refreshing native plugins compatible for Editor in 0.27 ms, found 0 plugins.
Preloading 0 native plugins for Editor in 0.00 ms.
Invoked RoslynAnalysisRunner static constructor.
RoslynAnalysisRunner will not be running.
RoslynAnalysisRunner has terminated.
Mono: successfully reloaded assembly
- Completed reload, in  1.678 seconds
Platform modules already initialized, skipping
Refreshing native plugins compatible for Editor in 0.35 ms, found 0 plugins.
Preloading 0 native plugins for Editor in 0.00 ms.
Unloading 1075 Unused Serialized files (Serialized files now loaded: 0)
System memory in use before: 58.6 MB.
System memory in use after: 58.7 MB.

Unloading 4 unused Assets to reduce memory usage. Loaded Objects now: 1533.
Total: 2.479000 ms (FindLiveObjects: 0.251900 ms CreateObjectMapping: 0.051800 ms MarkObjects: 2.148300 ms  DeleteObjects: 0.025000 ms)

========================================================================
Received Import Request.
  Time since last request: 68.174376 seconds.
  path: Assets
  artifactKey: Guid(00000000000000001000000000000000) Importer(815301076,1909f56bfc062723c751e8b465ee728b)
Start importing Assets using Guid(00000000000000001000000000000000) Importer(815301076,1909f56bfc062723c751e8b465ee728b)  -> (artifact id: 'edc3feb264a98656617d3c2cb59c8f16') in 0.021534 seconds
  Import took 0.024275 seconds .

========================================================================
Received Prepare
Registering precompiled user dll's ...
Registered in 0.003205 seconds.
Begin MonoManager ReloadAssembly
Native extension for WindowsStandalone target not found
Refreshing native plugins compatible for Editor in 0.24 ms, found 0 plugins.
Preloading 0 native plugins for Editor in 0.00 ms.
Invoked RoslynAnalysisRunner static constructor.
RoslynAnalysisRunner will not be running.
RoslynAnalysisRunner has terminated.
Mono: successfully reloaded assembly
- Completed reload, in  1.486 seconds
Platform modules already initialized, skipping
Refreshing native plugins compatible for Editor in 0.27 ms, found 0 plugins.
Preloading 0 native plugins for Editor in 0.00 ms.
Unloading 1074 Unused Serialized files (Serialized files now loaded: 0)
System memory in use before: 58.6 MB.
System memory in use after: 58.7 MB.

Unloading 5 unused Assets to reduce memory usage. Loaded Objects now: 1534.
Total: 2.665100 ms (FindLiveObjects: 0.230100 ms CreateObjectMapping: 0.037600 ms MarkObjects: 2.372200 ms  DeleteObjects: 0.023800 ms)

========================================================================
Received Prepare
Registering precompiled user dll's ...
Registered in 0.004323 seconds.
Begin MonoManager ReloadAssembly
Native extension for WindowsStandalone target not found
Refreshing native plugins compatible for Editor in 0.27 ms, found 0 plugins.
Preloading 0 native plugins for Editor in 0.00 ms.
Invoked RoslynAnalysisRunner static constructor.
RoslynAnalysisRunner will not be running.
RoslynAnalysisRunner has terminated.
Mono: successfully reloaded assembly
- Completed reload, in  1.609 seconds
Platform modules already initialized, skipping
Refreshing native plugins compatible for Editor in 0.29 ms, found 0 plugins.
Preloading 0 native plugins for Editor in 0.00 ms.
Unloading 1074 Unused Serialized files (Serialized files now loaded: 0)
System memory in use before: 58.7 MB.
System memory in use after: 58.8 MB.

Unloading 4 unused Assets to reduce memory usage. Loaded Objects now: 1536.
Total: 3.541300 ms (FindLiveObjects: 0.309600 ms CreateObjectMapping: 0.073300 ms MarkObjects: 3.129800 ms  DeleteObjects: 0.026300 ms)

========================================================================
Received Prepare
Registering precompiled user dll's ...
Registered in 0.003239 seconds.
Begin MonoManager ReloadAssembly
Native extension for WindowsStandalone target not found
Refreshing native plugins compatible for Editor in 0.50 ms, found 0 plugins.
Preloading 0 native plugins for Editor in 0.00 ms.
Invoked RoslynAnalysisRunner static constructor.
RoslynAnalysisRunner will not be running.
RoslynAnalysisRunner has terminated.
Mono: successfully reloaded assembly
- Completed reload, in  1.696 seconds
Platform modules already initialized, skipping
Refreshing native plugins compatible for Editor in 0.36 ms, found 0 plugins.
Preloading 0 native plugins for Editor in 0.00 ms.
Unloading 1075 Unused Serialized files (Serialized files now loaded: 0)
System memory in use before: 58.7 MB.
System memory in use after: 58.8 MB.

Unloading 4 unused Assets to reduce memory usage. Loaded Objects now: 1539.
Total: 4.374600 ms (FindLiveObjects: 0.570500 ms CreateObjectMapping: 0.055400 ms MarkObjects: 3.725600 ms  DeleteObjects: 0.020500 ms)

========================================================================
Received Import Request.
  Time since last request: 64.394878 seconds.
  path: Assets/Scenes/BluePrefab.prefab
  artifactKey: Guid(b11537a7e988b944ba415469231457ce) Importer(815301076,1909f56bfc062723c751e8b465ee728b)
Start importing Assets/Scenes/BluePrefab.prefab using Guid(b11537a7e988b944ba415469231457ce) Importer(815301076,1909f56bfc062723c751e8b465ee728b)  -> (artifact id: '1a4d967d344b328c4c50efad112a1b52') in 0.172486 seconds
  Import took 0.176042 seconds .

========================================================================
Received Import Request.
  Time since last request: 2.064747 seconds.
  path: Assets/ConsolePrint.cs
  artifactKey: Guid(85b443c70d8d9f14195f0e4589062ba2) Importer(815301076,1909f56bfc062723c751e8b465ee728b)
Start importing Assets/ConsolePrint.cs using Guid(85b443c70d8d9f14195f0e4589062ba2) Importer(815301076,1909f56bfc062723c751e8b465ee728b)  -> (artifact id: '0c81194b995bfc51f84c266a729318b3') in 0.013602 seconds
  Import took 0.016557 seconds .

========================================================================
Received Import Request.
  Time since last request: 11.272512 seconds.
  path: Assets/Scenes/RedPrefab.prefab
  artifactKey: Guid(86f6465de7dfe5142877875ab930804c) Importer(815301076,1909f56bfc062723c751e8b465ee728b)
Start importing Assets/Scenes/RedPrefab.prefab using Guid(86f6465de7dfe5142877875ab930804c) Importer(815301076,1909f56bfc062723c751e8b465ee728b)  -> (artifact id: '64fd02405784e4d0d533524d27aaf83b') in 0.039092 seconds
  Import took 0.043209 seconds .

========================================================================
Received Import Request.
  Time since last request: 0.006602 seconds.
  path: Assets/Scenes/RedPrefab.prefab
  artifactKey: Guid(86f6465de7dfe5142877875ab930804c) Importer(815301076,1909f56bfc062723c751e8b465ee728b)
Start importing Assets/Scenes/RedPrefab.prefab using Guid(86f6465de7dfe5142877875ab930804c) Importer(815301076,1909f56bfc062723c751e8b465ee728b)  -> (artifact id: '64fd02405784e4d0d533524d27aaf83b') in 0.030183 seconds
  Import took 0.034275 seconds .

========================================================================
Received Import Request.
  Time since last request: 195.803208 seconds.
  path: Assets/ConsolePrint.cs
  artifactKey: Guid(85b443c70d8d9f14195f0e4589062ba2) Importer(815301076,1909f56bfc062723c751e8b465ee728b)
Start importing Assets/ConsolePrint.cs using Guid(85b443c70d8d9f14195f0e4589062ba2) Importer(815301076,1909f56bfc062723c751e8b465ee728b)  -> (artifact id: '5a8fa07f45b380009334be6029e521e5') in 0.016970 seconds
  Import took 0.020496 seconds .

========================================================================
Received Prepare
Registering precompiled user dll's ...
Registered in 0.002737 seconds.
Begin MonoManager ReloadAssembly
Native extension for WindowsStandalone target not found
Refreshing native plugins compatible for Editor in 0.28 ms, found 0 plugins.
Preloading 0 native plugins for Editor in 0.00 ms.
Invoked RoslynAnalysisRunner static constructor.
RoslynAnalysisRunner will not be running.
RoslynAnalysisRunner has terminated.
Mono: successfully reloaded assembly
- Completed reload, in  1.894 seconds
Platform modules already initialized, skipping
Refreshing native plugins compatible for Editor in 0.33 ms, found 0 plugins.
Preloading 0 native plugins for Editor in 0.00 ms.
Unloading 1075 Unused Serialized files (Serialized files now loaded: 0)
System memory in use before: 61.9 MB.
System memory in use after: 62.0 MB.

Unloading 4 unused Assets to reduce memory usage. Loaded Objects now: 1549.
Total: 2.984100 ms (FindLiveObjects: 0.225500 ms CreateObjectMapping: 0.054200 ms MarkObjects: 2.666400 ms  DeleteObjects: 0.035500 ms)

========================================================================
Received Import Request.
  Time since last request: 154.095788 seconds.
  path: Assets/LoadAssets.cs
  artifactKey: Guid(4b0f624c0ed06e54eb37133c4f477990) Importer(815301076,1909f56bfc062723c751e8b465ee728b)
Start importing Assets/LoadAssets.cs using Guid(4b0f624c0ed06e54eb37133c4f477990) Importer(815301076,1909f56bfc062723c751e8b465ee728b)  -> (artifact id: '6a4b5ca55e7aa06638868a5140029183') in 0.021043 seconds
  Import took 0.025149 seconds .

========================================================================
Received Import Request.
  Time since last request: 0.588803 seconds.
  path: Assets/ConsolePrint.cs
  artifactKey: Guid(85b443c70d8d9f14195f0e4589062ba2) Importer(815301076,1909f56bfc062723c751e8b465ee728b)
Start importing Assets/ConsolePrint.cs using Guid(85b443c70d8d9f14195f0e4589062ba2) Importer(815301076,1909f56bfc062723c751e8b465ee728b)  -> (artifact id: '7a17e047e3d50bccd1f19ad4914aeec7') in 0.017777 seconds
  Import took 0.021337 seconds .

========================================================================
Received Prepare
Registering precompiled user dll's ...
Registered in 0.003859 seconds.
Begin MonoManager ReloadAssembly
Native extension for WindowsStandalone target not found
Refreshing native plugins compatible for Editor in 0.29 ms, found 0 plugins.
Preloading 0 native plugins for Editor in 0.00 ms.
Invoked RoslynAnalysisRunner static constructor.
RoslynAnalysisRunner will not be running.
RoslynAnalysisRunner has terminated.
Mono: successfully reloaded assembly
- Completed reload, in  1.979 seconds
Platform modules already initialized, skipping
Refreshing native plugins compatible for Editor in 0.30 ms, found 0 plugins.
Preloading 0 native plugins for Editor in 0.00 ms.
Unloading 1075 Unused Serialized files (Serialized files now loaded: 0)
System memory in use before: 61.9 MB.
System memory in use after: 62.0 MB.

Unloading 4 unused Assets to reduce memory usage. Loaded Objects now: 1551.
Total: 3.074600 ms (FindLiveObjects: 0.426300 ms CreateObjectMapping: 0.059900 ms MarkObjects: 2.552900 ms  DeleteObjects: 0.031600 ms)

========================================================================
Received Import Request.
  Time since last request: 105.278935 seconds.
  path: Assets/ConsolePrint.cs
  artifactKey: Guid(85b443c70d8d9f14195f0e4589062ba2) Importer(815301076,1909f56bfc062723c751e8b465ee728b)
Start importing Assets/ConsolePrint.cs using Guid(85b443c70d8d9f14195f0e4589062ba2) Importer(815301076,1909f56bfc062723c751e8b465ee728b)  -> (artifact id: '8025fc7f20bdd9850014664040679f58') in 0.021881 seconds
  Import took 0.025814 seconds .

========================================================================
Received Prepare
Registering precompiled user dll's ...
Registered in 0.002982 seconds.
Begin MonoManager ReloadAssembly
Native extension for WindowsStandalone target not found
Refreshing native plugins compatible for Editor in 0.30 ms, found 0 plugins.
Preloading 0 native plugins for Editor in 0.00 ms.
Invoked RoslynAnalysisRunner static constructor.
RoslynAnalysisRunner will not be running.
RoslynAnalysisRunner has terminated.
Mono: successfully reloaded assembly
- Completed reload, in  1.926 seconds
Platform modules already initialized, skipping
Refreshing native plugins compatible for Editor in 0.27 ms, found 0 plugins.
Preloading 0 native plugins for Editor in 0.00 ms.
Unloading 1075 Unused Serialized files (Serialized files now loaded: 0)
System memory in use before: 61.9 MB.
System memory in use after: 62.0 MB.

Unloading 4 unused Assets to reduce memory usage. Loaded Objects now: 1553.
Total: 3.345300 ms (FindLiveObjects: 0.322000 ms CreateObjectMapping: 0.079700 ms MarkObjects: 2.917700 ms  DeleteObjects: 0.023900 ms)

========================================================================
Received Import Request.
  Time since last request: 19.796619 seconds.
  path: Assets/ConsolePrint.cs
  artifactKey: Guid(85b443c70d8d9f14195f0e4589062ba2) Importer(815301076,1909f56bfc062723c751e8b465ee728b)
Start importing Assets/ConsolePrint.cs using Guid(85b443c70d8d9f14195f0e4589062ba2) Importer(815301076,1909f56bfc062723c751e8b465ee728b)  -> (artifact id: '8b636034f26ef7f88fff1d432625e58e') in 0.018292 seconds
  Import took 0.021605 seconds .

========================================================================
Received Prepare
Registering precompiled user dll's ...
Registered in 0.073359 seconds.
Begin MonoManager ReloadAssembly
Native extension for WindowsStandalone target not found
Refreshing native plugins compatible for Editor in 0.27 ms, found 0 plugins.
Preloading 0 native plugins for Editor in 0.00 ms.
Invoked RoslynAnalysisRunner static constructor.
RoslynAnalysisRunner will not be running.
RoslynAnalysisRunner has terminated.
Mono: successfully reloaded assembly
- Completed reload, in  1.948 seconds
Platform modules already initialized, skipping
Refreshing native plugins compatible for Editor in 0.45 ms, found 0 plugins.
Preloading 0 native plugins for Editor in 0.00 ms.
Unloading 1075 Unused Serialized files (Serialized files now loaded: 0)
System memory in use before: 61.9 MB.
System memory in use after: 62.0 MB.

Unloading 4 unused Assets to reduce memory usage. Loaded Objects now: 1555.
Total: 2.465300 ms (FindLiveObjects: 0.292100 ms CreateObjectMapping: 0.062700 ms MarkObjects: 2.088000 ms  DeleteObjects: 0.020800 ms)

========================================================================
Received Prepare
Registering precompiled user dll's ...
Registered in 0.003096 seconds.
Begin MonoManager ReloadAssembly
Native extension for WindowsStandalone target not found
Refreshing native plugins compatible for Editor in 0.27 ms, found 0 plugins.
Preloading 0 native plugins for Editor in 0.00 ms.
Invoked RoslynAnalysisRunner static constructor.
RoslynAnalysisRunner will not be running.
RoslynAnalysisRunner has terminated.
Mono: successfully reloaded assembly
- Completed reload, in  2.090 seconds
Platform modules already initialized, skipping
Refreshing native plugins compatible for Editor in 0.26 ms, found 0 plugins.
Preloading 0 native plugins for Editor in 0.00 ms.
Unloading 1075 Unused Serialized files (Serialized files now loaded: 0)
System memory in use before: 61.9 MB.
System memory in use after: 62.0 MB.

Unloading 4 unused Assets to reduce memory usage. Loaded Objects now: 1557.
Total: 2.174800 ms (FindLiveObjects: 0.283800 ms CreateObjectMapping: 0.060800 ms MarkObjects: 1.809700 ms  DeleteObjects: 0.019200 ms)

========================================================================
Received Prepare
Registering precompiled user dll's ...
Registered in 0.012305 seconds.
Begin MonoManager ReloadAssembly
Native extension for WindowsStandalone target not found
Refreshing native plugins compatible for Editor in 0.81 ms, found 0 plugins.
Preloading 0 native plugins for Editor in 0.00 ms.
Invoked RoslynAnalysisRunner static constructor.
RoslynAnalysisRunner will not be running.
RoslynAnalysisRunner has terminated.
Mono: successfully reloaded assembly
- Completed reload, in  3.363 seconds
Platform modules already initialized, skipping
Refreshing native plugins compatible for Editor in 0.82 ms, found 0 plugins.
Preloading 0 native plugins for Editor in 0.00 ms.
Unloading 1075 Unused Serialized files (Serialized files now loaded: 0)
System memory in use before: 61.9 MB.
System memory in use after: 62.0 MB.

Unloading 4 unused Assets to reduce memory usage. Loaded Objects now: 1559.
Total: 4.748400 ms (FindLiveObjects: 0.261700 ms CreateObjectMapping: 0.049800 ms MarkObjects: 4.405100 ms  DeleteObjects: 0.029000 ms)

========================================================================
Received Prepare
Registering precompiled user dll's ...
Registered in 0.002795 seconds.
Begin MonoManager ReloadAssembly
Native extension for WindowsStandalone target not found
Refreshing native plugins compatible for Editor in 0.24 ms, found 0 plugins.
Preloading 0 native plugins for Editor in 0.00 ms.
Invoked RoslynAnalysisRunner static constructor.
RoslynAnalysisRunner will not be running.
RoslynAnalysisRunner has terminated.
Mono: successfully reloaded assembly
- Completed reload, in  1.876 seconds
Platform modules already initialized, skipping
Refreshing native plugins compatible for Editor in 0.32 ms, found 0 plugins.
Preloading 0 native plugins for Editor in 0.00 ms.
Unloading 1075 Unused Serialized files (Serialized files now loaded: 0)
System memory in use before: 61.9 MB.
System memory in use after: 62.0 MB.

Unloading 4 unused Assets to reduce memory usage. Loaded Objects now: 1561.
Total: 6.161300 ms (FindLiveObjects: 0.285400 ms CreateObjectMapping: 0.064000 ms MarkObjects: 5.760600 ms  DeleteObjects: 0.048600 ms)

========================================================================
Received Prepare
Registering precompiled user dll's ...
Registered in 0.008884 seconds.
Begin MonoManager ReloadAssembly
Native extension for WindowsStandalone target not found
Refreshing native plugins compatible for Editor in 0.51 ms, found 0 plugins.
Preloading 0 native plugins for Editor in 0.00 ms.
Invoked RoslynAnalysisRunner static constructor.
RoslynAnalysisRunner will not be running.
RoslynAnalysisRunner has terminated.
Mono: successfully reloaded assembly
- Completed reload, in  3.261 seconds
Platform modules already initialized, skipping
Refreshing native plugins compatible for Editor in 0.83 ms, found 0 plugins.
Preloading 0 native plugins for Editor in 0.00 ms.
Unloading 1075 Unused Serialized files (Serialized files now loaded: 0)
System memory in use before: 61.9 MB.
System memory in use after: 62.0 MB.

Unloading 4 unused Assets to reduce memory usage. Loaded Objects now: 1563.
Total: 4.462800 ms (FindLiveObjects: 0.341500 ms CreateObjectMapping: 0.121000 ms MarkObjects: 3.942900 ms  DeleteObjects: 0.054100 ms)

========================================================================
Received Prepare
Registering precompiled user dll's ...
Registered in 0.002952 seconds.
Begin MonoManager ReloadAssembly
Native extension for WindowsStandalone target not found
Refreshing native plugins compatible for Editor in 0.31 ms, found 0 plugins.
Preloading 0 native plugins for Editor in 0.00 ms.
Invoked RoslynAnalysisRunner static constructor.
RoslynAnalysisRunner will not be running.
RoslynAnalysisRunner has terminated.
Mono: successfully reloaded assembly
- Completed reload, in  1.949 seconds
Platform modules already initialized, skipping
Refreshing native plugins compatible for Editor in 0.22 ms, found 0 plugins.
Preloading 0 native plugins for Editor in 0.00 ms.
Unloading 1075 Unused Serialized files (Serialized files now loaded: 0)
System memory in use before: 61.9 MB.
System memory in use after: 62.0 MB.

Unloading 4 unused Assets to reduce memory usage. Loaded Objects now: 1565.
Total: 2.422300 ms (FindLiveObjects: 0.299500 ms CreateObjectMapping: 0.047000 ms MarkObjects: 2.050900 ms  DeleteObjects: 0.022900 ms)

========================================================================
Received Prepare
Registering precompiled user dll's ...
Registered in 0.003936 seconds.
Begin MonoManager ReloadAssembly
Native extension for WindowsStandalone target not found
Refreshing native plugins compatible for Editor in 0.42 ms, found 0 plugins.
Preloading 0 native plugins for Editor in 0.00 ms.
Invoked RoslynAnalysisRunner static constructor.
RoslynAnalysisRunner will not be running.
RoslynAnalysisRunner has terminated.
Mono: successfully reloaded assembly
- Completed reload, in  2.937 seconds
Platform modules already initialized, skipping
Refreshing native plugins compatible for Editor in 0.59 ms, found 0 plugins.
Preloading 0 native plugins for Editor in 0.00 ms.
Unloading 1075 Unused Serialized files (Serialized files now loaded: 0)
System memory in use before: 61.9 MB.
System memory in use after: 62.0 MB.

Unloading 4 unused Assets to reduce memory usage. Loaded Objects now: 1567.
Total: 4.142800 ms (FindLiveObjects: 0.578500 ms CreateObjectMapping: 0.079300 ms MarkObjects: 3.416800 ms  DeleteObjects: 0.060300 ms)

========================================================================
Received Prepare
Registering precompiled user dll's ...
Registered in 0.005506 seconds.
Begin MonoManager ReloadAssembly
Native extension for WindowsStandalone target not found
Refreshing native plugins compatible for Editor in 0.34 ms, found 0 plugins.
Preloading 0 native plugins for Editor in 0.00 ms.
Invoked RoslynAnalysisRunner static constructor.
RoslynAnalysisRunner will not be running.
RoslynAnalysisRunner has terminated.
Mono: successfully reloaded assembly
- Completed reload, in  2.804 seconds
Platform modules already initialized, skipping
Refreshing native plugins compatible for Editor in 0.28 ms, found 0 plugins.
Preloading 0 native plugins for Editor in 0.00 ms.
Unloading 1075 Unused Serialized files (Serialized files now loaded: 0)
System memory in use before: 61.9 MB.
System memory in use after: 62.0 MB.

Unloading 4 unused Assets to reduce memory usage. Loaded Objects now: 1569.
Total: 3.140300 ms (FindLiveObjects: 0.315900 ms CreateObjectMapping: 0.084900 ms MarkObjects: 2.710800 ms  DeleteObjects: 0.025700 ms)

========================================================================
Received Prepare
Registering precompiled user dll's ...
Registered in 0.005614 seconds.
Begin MonoManager ReloadAssembly
Native extension for WindowsStandalone target not found
Refreshing native plugins compatible for Editor in 1.01 ms, found 0 plugins.
Preloading 0 native plugins for Editor in 0.00 ms.
Invoked RoslynAnalysisRunner static constructor.
RoslynAnalysisRunner will not be running.
RoslynAnalysisRunner has terminated.
Mono: successfully reloaded assembly
- Completed reload, in  3.724 seconds
Platform modules already initialized, skipping
Refreshing native plugins compatible for Editor in 0.92 ms, found 0 plugins.
Preloading 0 native plugins for Editor in 0.00 ms.
Unloading 1075 Unused Serialized files (Serialized files now loaded: 0)
System memory in use before: 61.9 MB.
System memory in use after: 62.0 MB.

Unloading 4 unused Assets to reduce memory usage. Loaded Objects now: 1571.
Total: 112.995000 ms (FindLiveObjects: 0.495700 ms CreateObjectMapping: 60.856000 ms MarkObjects: 51.583900 ms  DeleteObjects: 0.056200 ms)

========================================================================
Received Prepare
Registering precompiled user dll's ...
Registered in 0.004123 seconds.
Begin MonoManager ReloadAssembly
Native extension for WindowsStandalone target not found
Refreshing native plugins compatible for Editor in 0.48 ms, found 0 plugins.
Preloading 0 native plugins for Editor in 0.00 ms.
Invoked RoslynAnalysisRunner static constructor.
RoslynAnalysisRunner will not be running.
RoslynAnalysisRunner has terminated.
Mono: successfully reloaded assembly
- Completed reload, in  4.454 seconds
Platform modules already initialized, skipping
Refreshing native plugins compatible for Editor in 0.55 ms, found 0 plugins.
Preloading 0 native plugins for Editor in 0.00 ms.
Unloading 1075 Unused Serialized files (Serialized files now loaded: 0)
System memory in use before: 61.9 MB.
System memory in use after: 62.0 MB.

Unloading 4 unused Assets to reduce memory usage. Loaded Objects now: 1573.
Total: 3.822000 ms (FindLiveObjects: 0.243500 ms CreateObjectMapping: 0.051500 ms MarkObjects: 3.503100 ms  DeleteObjects: 0.021700 ms)

========================================================================
Received Import Request.
  Time since last request: 1591.613069 seconds.
  path: Assets/Scenes/New Prefab.prefab
  artifactKey: Guid(e1442734324b2864ba1c5b5ef24845d4) Importer(815301076,1909f56bfc062723c751e8b465ee728b)
Start importing Assets/Scenes/New Prefab.prefab using Guid(e1442734324b2864ba1c5b5ef24845d4) Importer(815301076,1909f56bfc062723c751e8b465ee728b)  -> (artifact id: '24cf2a9b498bd5ccb04c4f4ad6603faf') in 0.321435 seconds
  Import took 0.327810 seconds .

========================================================================
Received Import Request.
  Time since last request: 5.378123 seconds.
  path: Assets/Scenes/Week4Scene.unity
  artifactKey: Guid(b725256cb029d45cf99d07026e380c22) Importer(815301076,1909f56bfc062723c751e8b465ee728b)
Start importing Assets/Scenes/Week4Scene.unity using Guid(b725256cb029d45cf99d07026e380c22) Importer(815301076,1909f56bfc062723c751e8b465ee728b)  -> (artifact id: '61989869920d7668c29529d9c6224e62') in 0.018010 seconds
  Import took 0.021379 seconds .

========================================================================
Received Import Request.
  Time since last request: 0.001383 seconds.
  path: Assets/Scenes/Week4Scene.unity
  artifactKey: Guid(b725256cb029d45cf99d07026e380c22) Importer(815301076,1909f56bfc062723c751e8b465ee728b)
Start importing Assets/Scenes/Week4Scene.unity using Guid(b725256cb029d45cf99d07026e380c22) Importer(815301076,1909f56bfc062723c751e8b465ee728b)  -> (artifact id: '61989869920d7668c29529d9c6224e62') in 0.037685 seconds
  Import took 0.040594 seconds .

========================================================================
Received Prepare
Registering precompiled user dll's ...
Registered in 0.003622 seconds.
Begin MonoManager ReloadAssembly
Native extension for WindowsStandalone target not found
Refreshing native plugins compatible for Editor in 0.23 ms, found 0 plugins.
Preloading 0 native plugins for Editor in 0.00 ms.
Invoked RoslynAnalysisRunner static constructor.
RoslynAnalysisRunner will not be running.
RoslynAnalysisRunner has terminated.
Mono: successfully reloaded assembly
- Completed reload, in  1.937 seconds
Platform modules already initialized, skipping
Refreshing native plugins compatible for Editor in 0.35 ms, found 0 plugins.
Preloading 0 native plugins for Editor in 0.00 ms.
Unloading 1075 Unused Serialized files (Serialized files now loaded: 0)
System memory in use before: 61.9 MB.
System memory in use after: 62.0 MB.

Unloading 4 unused Assets to reduce memory usage. Loaded Objects now: 1575.
Total: 3.214700 ms (FindLiveObjects: 0.324200 ms CreateObjectMapping: 0.094100 ms MarkObjects: 2.773600 ms  DeleteObjects: 0.021400 ms)

========================================================================
Received Prepare
Registering precompiled user dll's ...
Registered in 0.003506 seconds.
Begin MonoManager ReloadAssembly
Native extension for WindowsStandalone target not found
Refreshing native plugins compatible for Editor in 0.31 ms, found 0 plugins.
Preloading 0 native plugins for Editor in 0.00 ms.
Invoked RoslynAnalysisRunner static constructor.
RoslynAnalysisRunner will not be running.
RoslynAnalysisRunner has terminated.
Mono: successfully reloaded assembly
- Completed reload, in  2.170 seconds
Platform modules already initialized, skipping
Refreshing native plugins compatible for Editor in 0.33 ms, found 0 plugins.
Preloading 0 native plugins for Editor in 0.00 ms.
Unloading 1075 Unused Serialized files (Serialized files now loaded: 0)
System memory in use before: 61.9 MB.
System memory in use after: 62.0 MB.

Unloading 4 unused Assets to reduce memory usage. Loaded Objects now: 1577.
Total: 3.075800 ms (FindLiveObjects: 0.318100 ms CreateObjectMapping: 0.046600 ms MarkObjects: 2.675100 ms  DeleteObjects: 0.020200 ms)

========================================================================
Received Prepare
Registering precompiled user dll's ...
Registered in 0.003718 seconds.
Begin MonoManager ReloadAssembly
Native extension for WindowsStandalone target not found
Refreshing native plugins compatible for Editor in 0.25 ms, found 0 plugins.
Preloading 0 native plugins for Editor in 0.00 ms.
Invoked RoslynAnalysisRunner static constructor.
RoslynAnalysisRunner will not be running.
RoslynAnalysisRunner has terminated.
Mono: successfully reloaded assembly
- Completed reload, in  1.720 seconds
Platform modules already initialized, skipping
Refreshing native plugins compatible for Editor in 0.39 ms, found 0 plugins.
Preloading 0 native plugins for Editor in 0.00 ms.
Unloading 1075 Unused Serialized files (Serialized files now loaded: 0)
System memory in use before: 61.9 MB.
System memory in use after: 62.0 MB.

Unloading 4 unused Assets to reduce memory usage. Loaded Objects now: 1579.
Total: 2.224300 ms (FindLiveObjects: 0.305100 ms CreateObjectMapping: 0.051700 ms MarkObjects: 1.846100 ms  DeleteObjects: 0.020100 ms)

========================================================================
Received Prepare
Registering precompiled user dll's ...
Registered in 0.004392 seconds.
Begin MonoManager ReloadAssembly
Native extension for WindowsStandalone target not found
Refreshing native plugins compatible for Editor in 0.29 ms, found 0 plugins.
Preloading 0 native plugins for Editor in 0.00 ms.
Invoked RoslynAnalysisRunner static constructor.
RoslynAnalysisRunner will not be running.
RoslynAnalysisRunner has terminated.
Mono: successfully reloaded assembly
- Completed reload, in  3.147 seconds
Platform modules already initialized, skipping
Refreshing native plugins compatible for Editor in 0.26 ms, found 0 plugins.
Preloading 0 native plugins for Editor in 0.00 ms.
Unloading 1075 Unused Serialized files (Serialized files now loaded: 0)
System memory in use before: 62.0 MB.
System memory in use after: 62.1 MB.

Unloading 4 unused Assets to reduce memory usage. Loaded Objects now: 1581.
Total: 2.899100 ms (FindLiveObjects: 0.311400 ms CreateObjectMapping: 0.072500 ms MarkObjects: 2.492000 ms  DeleteObjects: 0.020800 ms)

========================================================================
Received Prepare
Registering precompiled user dll's ...
Registered in 0.410880 seconds.
Begin MonoManager ReloadAssembly
Native extension for WindowsStandalone target not found
Refreshing native plugins compatible for Editor in 0.51 ms, found 0 plugins.
Preloading 0 native plugins for Editor in 0.00 ms.
Invoked RoslynAnalysisRunner static constructor.
RoslynAnalysisRunner will not be running.
RoslynAnalysisRunner has terminated.
Mono: successfully reloaded assembly
- Completed reload, in  3.720 seconds
Platform modules already initialized, skipping
Refreshing native plugins compatible for Editor in 0.44 ms, found 0 plugins.
Preloading 0 native plugins for Editor in 0.00 ms.
Unloading 1075 Unused Serialized files (Serialized files now loaded: 0)
System memory in use before: 62.0 MB.
System memory in use after: 62.1 MB.

Unloading 4 unused Assets to reduce memory usage. Loaded Objects now: 1583.
Total: 4.142400 ms (FindLiveObjects: 0.507000 ms CreateObjectMapping: 0.086100 ms MarkObjects: 3.516300 ms  DeleteObjects: 0.029300 ms)

========================================================================
Received Import Request.
  Time since last request: 1916.661123 seconds.
  path: Assets/Scenes/BluePrefab.prefab
  artifactKey: Guid(b11537a7e988b944ba415469231457ce) Importer(815301076,1909f56bfc062723c751e8b465ee728b)
Start importing Assets/Scenes/BluePrefab.prefab using Guid(b11537a7e988b944ba415469231457ce) Importer(815301076,1909f56bfc062723c751e8b465ee728b)  -> (artifact id: 'd07377fc416759100aa93e783c3b9a02') in 0.177560 seconds
  Import took 0.181990 seconds .

========================================================================
Received Import Request.
  Time since last request: 0.000963 seconds.
  path: Assets/Scenes/RedPrefab.prefab
  artifactKey: Guid(86f6465de7dfe5142877875ab930804c) Importer(815301076,1909f56bfc062723c751e8b465ee728b)
Start importing Assets/Scenes/RedPrefab.prefab using Guid(86f6465de7dfe5142877875ab930804c) Importer(815301076,1909f56bfc062723c751e8b465ee728b)  -> (artifact id: '4c137c9582682ea9e4539665f80a9aa7') in 0.040939 seconds
  Import took 0.045610 seconds .

========================================================================
Received Import Request.
  Time since last request: 170.944326 seconds.
  path: Assets/Resou
  artifactKey: Guid(124a965d2e36f944cb5f4c575e6e1c6b) Importer(815301076,1909f56bfc062723c751e8b465ee728b)
Start importing Assets/Resou using Guid(124a965d2e36f944cb5f4c575e6e1c6b) Importer(815301076,1909f56bfc062723c751e8b465ee728b)  -> (artifact id: 'b913853e84d24ae1da3b12e25dfab0ca') in 0.491024 seconds
  Import took 0.496592 seconds .

========================================================================
Received Import Request.
  Time since last request: 7.585147 seconds.
  path: Assets/Resource
  artifactKey: Guid(124a965d2e36f944cb5f4c575e6e1c6b) Importer(815301076,1909f56bfc062723c751e8b465ee728b)
Start importing Assets/Resource using Guid(124a965d2e36f944cb5f4c575e6e1c6b) Importer(815301076,1909f56bfc062723c751e8b465ee728b)  -> (artifact id: '1d568224e353e89d65f910f1a070611c') in 0.029792 seconds
  Import took 0.034334 seconds .

========================================================================
Received Import Request.
  Time since last request: 6.588262 seconds.
  path: Assets/Resources
  artifactKey: Guid(124a965d2e36f944cb5f4c575e6e1c6b) Importer(815301076,1909f56bfc062723c751e8b465ee728b)
Start importing Assets/Resources using Guid(124a965d2e36f944cb5f4c575e6e1c6b) Importer(815301076,1909f56bfc062723c751e8b465ee728b)  -> (artifact id: '0d5a2b82e83189dfd765962681b1c961') in 0.021405 seconds
  Import took 0.025318 seconds .

========================================================================
Received Prepare
Registering precompiled user dll's ...
Registered in 0.003963 seconds.
Begin MonoManager ReloadAssembly
Native extension for WindowsStandalone target not found
Refreshing native plugins compatible for Editor in 0.39 ms, found 0 plugins.
Preloading 0 native plugins for Editor in 0.00 ms.
Invoked RoslynAnalysisRunner static constructor.
RoslynAnalysisRunner will not be running.
RoslynAnalysisRunner has terminated.
Mono: successfully reloaded assembly
- Completed reload, in  3.815 seconds
Platform modules already initialized, skipping
Refreshing native plugins compatible for Editor in 0.29 ms, found 0 plugins.
Preloading 0 native plugins for Editor in 0.00 ms.
Unloading 1075 Unused Serialized files (Serialized files now loaded: 0)
System memory in use before: 62.0 MB.
System memory in use after: 62.1 MB.

Unloading 4 unused Assets to reduce memory usage. Loaded Objects now: 1586.
Total: 3.654100 ms (FindLiveObjects: 0.312900 ms CreateObjectMapping: 0.070000 ms MarkObjects: 3.242000 ms  DeleteObjects: 0.027100 ms)

========================================================================
Received Prepare
Registering precompiled user dll's ...
Registered in 0.006098 seconds.
Begin MonoManager ReloadAssembly
Native extension for WindowsStandalone target not found
Refreshing native plugins compatible for Editor in 0.45 ms, found 0 plugins.
Preloading 0 native plugins for Editor in 0.00 ms.
Invoked RoslynAnalysisRunner static constructor.
RoslynAnalysisRunner will not be running.
RoslynAnalysisRunner has terminated.
Mono: successfully reloaded assembly
- Completed reload, in  3.152 seconds
Platform modules already initialized, skipping
Refreshing native plugins compatible for Editor in 0.51 ms, found 0 plugins.
Preloading 0 native plugins for Editor in 0.00 ms.
Unloading 1075 Unused Serialized files (Serialized files now loaded: 0)
System memory in use before: 62.0 MB.
System memory in use after: 62.1 MB.

Unloading 4 unused Assets to reduce memory usage. Loaded Objects now: 1588.
Total: 4.763500 ms (FindLiveObjects: 0.651600 ms CreateObjectMapping: 0.174200 ms MarkObjects: 3.889500 ms  DeleteObjects: 0.042600 ms)

========================================================================
Received Prepare
Registering precompiled user dll's ...
Registered in 0.004913 seconds.
Begin MonoManager ReloadAssembly
Native extension for WindowsStandalone target not found
Refreshing native plugins compatible for Editor in 0.41 ms, found 0 plugins.
Preloading 0 native plugins for Editor in 0.00 ms.
Invoked RoslynAnalysisRunner static constructor.
RoslynAnalysisRunner will not be running.
RoslynAnalysisRunner has terminated.
Mono: successfully reloaded assembly
- Completed reload, in  4.521 seconds
Platform modules already initialized, skipping
Refreshing native plugins compatible for Editor in 0.33 ms, found 0 plugins.
Preloading 0 native plugins for Editor in 0.00 ms.
Unloading 1075 Unused Serialized files (Serialized files now loaded: 0)
System memory in use before: 62.0 MB.
System memory in use after: 62.1 MB.

Unloading 4 unused Assets to reduce memory usage. Loaded Objects now: 1590.
Total: 14.007400 ms (FindLiveObjects: 1.715300 ms CreateObjectMapping: 0.173000 ms MarkObjects: 12.073100 ms  DeleteObjects: 0.039900 ms)

========================================================================
Received Prepare
Registering precompiled user dll's ...
Registered in 0.003476 seconds.
Begin MonoManager ReloadAssembly
Native extension for WindowsStandalone target not found
Refreshing native plugins compatible for Editor in 0.35 ms, found 0 plugins.
Preloading 0 native plugins for Editor in 0.00 ms.
Invoked RoslynAnalysisRunner static constructor.
RoslynAnalysisRunner will not be running.
RoslynAnalysisRunner has terminated.
Mono: successfully reloaded assembly
- Completed reload, in  2.629 seconds
Platform modules already initialized, skipping
Refreshing native plugins compatible for Editor in 0.35 ms, found 0 plugins.
Preloading 0 native plugins for Editor in 0.00 ms.
Unloading 1075 Unused Serialized files (Serialized files now loaded: 0)
System memory in use before: 62.0 MB.
System memory in use after: 62.1 MB.

Unloading 4 unused Assets to reduce memory usage. Loaded Objects now: 1592.
Total: 7.807100 ms (FindLiveObjects: 0.310100 ms CreateObjectMapping: 0.051200 ms MarkObjects: 7.397200 ms  DeleteObjects: 0.043300 ms)

========================================================================
Received Import Request.
  Time since last request: 26755.935976 seconds.
  path: Assets/Resources/BluePrefab.prefab
  artifactKey: Guid(b11537a7e988b944ba415469231457ce) Importer(815301076,1909f56bfc062723c751e8b465ee728b)
Start importing Assets/Resources/BluePrefab.prefab using Guid(b11537a7e988b944ba415469231457ce) Importer(815301076,1909f56bfc062723c751e8b465ee728b)  -> (artifact id: '252a60b40bf2bcea3c34c7086d1e2acc') in 0.259005 seconds
  Import took 0.263448 seconds .

========================================================================
Received Import Request.
  Time since last request: 0.000754 seconds.
  path: Assets/Resources/RedPrefab.prefab
  artifactKey: Guid(86f6465de7dfe5142877875ab930804c) Importer(815301076,1909f56bfc062723c751e8b465ee728b)
Start importing Assets/Resources/RedPrefab.prefab using Guid(86f6465de7dfe5142877875ab930804c) Importer(815301076,1909f56bfc062723c751e8b465ee728b)  -> (artifact id: '66cc5a25dad4a495ddd292bda5bb2678') in 0.041457 seconds
  Import took 0.044746 seconds .

========================================================================
Received Import Request.
  Time since last request: 0.005796 seconds.
  path: Assets/Resources/RedPrefab.prefab
  artifactKey: Guid(86f6465de7dfe5142877875ab930804c) Importer(815301076,1909f56bfc062723c751e8b465ee728b)
Start importing Assets/Resources/RedPrefab.prefab using Guid(86f6465de7dfe5142877875ab930804c) Importer(815301076,1909f56bfc062723c751e8b465ee728b)  -> (artifact id: '66cc5a25dad4a495ddd292bda5bb2678') in 0.034548 seconds
  Import took 0.039790 seconds .

